<?xml version="1.0" encoding="UTF-8"?>
<testng-results ignored="0" total="2" passed="2" failed="0" skipped="0">
  <reporter-output>
  </reporter-output>
  <suite started-at="2025-03-29T07:06:28 IST" name="Master Suite" finished-at="2025-03-29T07:06:52 IST" duration-ms="24637">
    <groups>
      <group name="Master">
        <method signature="TC001_AccountRegistrationTest.verify_accout_registraion()[pri:0, instance:testCases.TC001_AccountRegistrationTest@63f259c3]" name="verify_accout_registraion" class="testCases.TC001_AccountRegistrationTest"/>
        <method signature="TC002_LoginTest.verify_login()[pri:0, instance:testCases.TC002_LoginTest@60129b9a]" name="verify_login" class="testCases.TC002_LoginTest"/>
      </group> <!-- Master -->
      <group name="Sanity">
        <method signature="TC002_LoginTest.verify_login()[pri:0, instance:testCases.TC002_LoginTest@60129b9a]" name="verify_login" class="testCases.TC002_LoginTest"/>
      </group> <!-- Sanity -->
      <group name="Regression">
        <method signature="TC001_AccountRegistrationTest.verify_accout_registraion()[pri:0, instance:testCases.TC001_AccountRegistrationTest@63f259c3]" name="verify_accout_registraion" class="testCases.TC001_AccountRegistrationTest"/>
      </group> <!-- Regression -->
    </groups>
    <test started-at="2025-03-29T07:06:28 IST" name="Test" finished-at="2025-03-29T07:06:52 IST" duration-ms="24637">
      <class name="testCases.TC002_LoginTest">
        <test-method is-config="true" signature="setup(java.lang.String,java.lang.String)[pri:0, instance:testCases.TC002_LoginTest@60129b9a]" started-at="2025-03-29T07:06:42 IST" name="setup" finished-at="2025-03-29T07:06:45 IST" duration-ms="3226" status="PASS">
          <params>
            <param index="0">
              <value>
                <![CDATA[Windows]]>
              </value>
            </param>
            <param index="1">
              <value>
                <![CDATA[chrome]]>
              </value>
            </param>
          </params>
          <reporter-output>
          </reporter-output>
        </test-method> <!-- setup -->
        <test-method signature="verify_login()[pri:0, instance:testCases.TC002_LoginTest@60129b9a]" started-at="2025-03-29T07:06:45 IST" name="verify_login" finished-at="2025-03-29T07:06:47 IST" duration-ms="2248" status="PASS">
          <reporter-output>
          </reporter-output>
        </test-method> <!-- verify_login -->
        <test-method is-config="true" signature="tearDown()[pri:0, instance:testCases.TC002_LoginTest@60129b9a]" started-at="2025-03-29T07:06:47 IST" name="tearDown" finished-at="2025-03-29T07:06:52 IST" duration-ms="5365" status="PASS">
          <reporter-output>
          </reporter-output>
        </test-method> <!-- tearDown -->
      </class> <!-- testCases.TC002_LoginTest -->
      <class name="testCases.TC001_AccountRegistrationTest">
        <test-method is-config="true" signature="setup(java.lang.String,java.lang.String)[pri:0, instance:testCases.TC001_AccountRegistrationTest@63f259c3]" started-at="2025-03-29T07:06:28 IST" name="setup" finished-at="2025-03-29T07:06:32 IST" duration-ms="4113" status="PASS">
          <params>
            <param index="0">
              <value>
                <![CDATA[Windows]]>
              </value>
            </param>
            <param index="1">
              <value>
                <![CDATA[chrome]]>
              </value>
            </param>
          </params>
          <reporter-output>
          </reporter-output>
        </test-method> <!-- setup -->
        <test-method signature="verify_accout_registraion()[pri:0, instance:testCases.TC001_AccountRegistrationTest@63f259c3]" started-at="2025-03-29T07:06:32 IST" name="verify_accout_registraion" finished-at="2025-03-29T07:06:36 IST" duration-ms="3969" status="PASS">
          <reporter-output>
          </reporter-output>
        </test-method> <!-- verify_accout_registraion -->
        <test-method is-config="true" signature="tearDown()[pri:0, instance:testCases.TC001_AccountRegistrationTest@63f259c3]" started-at="2025-03-29T07:06:36 IST" name="tearDown" finished-at="2025-03-29T07:06:42 IST" duration-ms="5302" status="PASS">
          <reporter-output>
          </reporter-output>
        </test-method> <!-- tearDown -->
      </class> <!-- testCases.TC001_AccountRegistrationTest -->
    </test> <!-- Test -->
  </suite> <!-- Master Suite -->
</testng-results>
